/*C3*/SET SCHEMA PUBLIC
DROP TABLE wielrenners IF EXISTS
CREATE TABLE wielrenners (id INTEGER IDENTITY, naam VARCHAR(25) NOT NULL, voornaam VARCHAR(20) NOT NULL, nationaliteit VARCHAR(20) NOT NULL, geboortedatum DATE, lengte INTEGER, gewicht DOUBLE, ploeg VARCHAR(30), discipline VARCHAR(15))
INSERT INTO WIELRENNERS VALUES(0,'Benoot','Tiesj','BELG','1994-03-11',190,72.0E0,'Lotto Soudal','RACE')
COMMIT
INSERT INTO WIELRENNERS VALUES(1,'Wellens','Tim','BELG','1991-05-10',183,65.0E0,'Lotto Soudal','RACE')
COMMIT
INSERT INTO WIELRENNERS VALUES(2,'Zden\u011bk','\u0160tybar','TJSECHS','1985-12-11',183,78.0E0,'Quick-Step Floors','RACE')
COMMIT
INSERT INTO WIELRENNERS VALUES(3,'Sagan','Peter','SLOWAAKS','1990-01-26',184,73.0E0,'BORA - Hansgrohe','RACE')
COMMIT
INSERT INTO WIELRENNERS VALUES(4,'Van Aert','Wout','BELG','1994-09-15',189,73.0E0,'Veranda''s Willems - Crelan','CYCLOCROSS')
COMMIT
INSERT INTO WIELRENNERS VALUES(5,'Schurter','Nino','ZWITSER','1986-05-13',173,66.0E0,'Scott - SRAM','MTB')
COMMIT
INSERT INTO WIELRENNERS VALUES(6,'Kulhav\u00fd','Jaroslav','TJSECHS','1985-01-08',187,76.0E0,'Specialized Factory Racing','MTB')
COMMIT
INSERT INTO WIELRENNERS VALUES(7,'Fumic','Manuel','DUITS','1982-03-30',174,65.0E0,'Cannondale Factory Racing','MTB')
COMMIT
INSERT INTO WIELRENNERS VALUES(8,'Evans','Kyle','BRIT','1993-09-26',180,81.0E0,'BTech','BMX')
COMMIT
INSERT INTO WIELRENNERS VALUES(9,'Glaetzer','Matthew','AUSTRALISCH','1992-08-24',190,86.0E0,'Australian National Team','PISTE')
COMMIT
INSERT INTO WIELRENNERS VALUES(10,'Greipel','Andr\u00e9','DUITS','1982-07-16',184,82.0E0,'Lotto Soudal','RACE')
COMMIT
INSERT INTO WIELRENNERS VALUES(11,'van der Poel','Mathieu','NEDERLANDS','1995-01-19',182,67.0E0,'Corendon Circus','CYCLOCROSS')
COMMIT
INSERT INTO WIELRENNERS VALUES(12,'Cavendish','Marc','BRIT','1985-05-21',175,75.0E0,'Team Dimension Data','RACE')
COMMIT
INSERT INTO WIELRENNERS VALUES(13,'Kristoff','Alexander','NOORS','1987-07-05',181,78.0E0,'UAE Team Emirates','RACE')
COMMIT
INSERT INTO WIELRENNERS VALUES(14,'Pauwels','Kevin','BELG','1984-04-12',175,60.0E0,'Marlux Napoleon Games','CYCLOCROSS')
COMMIT
INSERT INTO WIELRENNERS VALUES(15,'van der Haar','Lars','NEDERLANDS','1991-07-23',169,58.0E0,'Telenet Fidea Lions','CYCLOCROSS')
COMMIT
INSERT INTO WIELRENNERS VALUES(16,'Benoot','Tiesj','BELG','1994-03-11',190,72.0E0,'Lotto Soudal','RACE')
COMMIT
INSERT INTO WIELRENNERS VALUES(17,'Wellens','Tim','BELG','1991-05-10',183,65.0E0,'Lotto Soudal','RACE')
COMMIT
INSERT INTO WIELRENNERS VALUES(18,'Zden\u011bk','\u0160tybar','TJSECHS','1985-12-11',183,78.0E0,'Quick-Step Floors','RACE')
COMMIT
INSERT INTO WIELRENNERS VALUES(19,'Sagan','Peter','SLOWAAKS','1990-01-26',184,73.0E0,'BORA - Hansgrohe','RACE')
COMMIT
INSERT INTO WIELRENNERS VALUES(20,'Van Aert','Wout','BELG','1994-09-15',189,73.0E0,'Veranda''s Willems - Crelan','CYCLOCROSS')
COMMIT
INSERT INTO WIELRENNERS VALUES(21,'Schurter','Nino','ZWITSER','1986-05-13',173,66.0E0,'Scott - SRAM','MTB')
COMMIT
INSERT INTO WIELRENNERS VALUES(22,'Kulhav\u00fd','Jaroslav','TJSECHS','1985-01-08',187,76.0E0,'Specialized Factory Racing','MTB')
COMMIT
INSERT INTO WIELRENNERS VALUES(23,'Fumic','Manuel','DUITS','1982-03-30',174,65.0E0,'Cannondale Factory Racing','MTB')
COMMIT
INSERT INTO WIELRENNERS VALUES(24,'Evans','Kyle','BRIT','1993-09-26',180,81.0E0,'BTech','BMX')
COMMIT
INSERT INTO WIELRENNERS VALUES(25,'Glaetzer','Matthew','AUSTRALISCH','1992-08-24',190,86.0E0,'Australian National Team','PISTE')
COMMIT
INSERT INTO WIELRENNERS VALUES(26,'Greipel','Andr\u00e9','DUITS','1982-07-16',184,82.0E0,'Lotto Soudal','RACE')
COMMIT
INSERT INTO WIELRENNERS VALUES(27,'van der Poel','Mathieu','NEDERLANDS','1995-01-19',182,67.0E0,'Corendon Circus','CYCLOCROSS')
COMMIT
INSERT INTO WIELRENNERS VALUES(28,'Cavendish','Marc','BRIT','1985-05-21',175,75.0E0,'Team Dimension Data','RACE')
COMMIT
INSERT INTO WIELRENNERS VALUES(29,'Kristoff','Alexander','NOORS','1987-07-05',181,78.0E0,'UAE Team Emirates','RACE')
COMMIT
INSERT INTO WIELRENNERS VALUES(30,'Pauwels','Kevin','BELG','1984-04-12',175,60.0E0,'Marlux Napoleon Games','CYCLOCROSS')
COMMIT
INSERT INTO WIELRENNERS VALUES(31,'van der Haar','Lars','NEDERLANDS','1991-07-23',169,58.0E0,'Telenet Fidea Lions','CYCLOCROSS')
COMMIT
DISCONNECT
